<?xml version="1.0" encoding="UTF-8"?>
<!-- Generated by org.testng.reporters.JUnitReportReporter -->
<testsuite skipped="0" hostname="BDC6-DX-9ZT5T72" name="testtt1.datadd" tests="1" failures="0" timestamp="18 Jun 2019 07:14:13 GMT" time="3.383" errors="0">
  <testcase name="readd" time="3.383" classname="testtt1.datadd"/>
</testsuite> <!-- testtt1.datadd -->
