<?xml version="1.0" encoding="UTF-8"?>
<!-- Generated by org.testng.reporters.JUnitReportReporter -->
<testsuite skipped="0" hostname="BDC6-DX-9ZT5T72" name="testtt1.googl" tests="1" failures="0" timestamp="17 Jun 2019 08:48:07 GMT" time="29.218" errors="0">
  <testcase name="testg" time="29.218" classname="testtt1.googl"/>
</testsuite> <!-- testtt1.googl -->
