<?xml version="1.0" encoding="UTF-8"?>
<!-- Generated by org.testng.reporters.JUnitReportReporter -->
<testsuite skipped="1" hostname="BDC6-DX-9ZT5T72" name="testtt1.readexcel" tests="1" failures="0" timestamp="18 Jun 2019 09:01:59 GMT" time="0.000" errors="0">
  <testcase name="testDemoWebShopLogin" time="0.000" classname="testtt1.readexcel">
    <skipped/>
  </testcase> <!-- testDemoWebShopLogin -->
</testsuite> <!-- testtt1.readexcel -->
