<?xml version="1.0" encoding="UTF-8"?>
<!-- Generated by org.testng.reporters.JUnitReportReporter -->
<testsuite skipped="0" hostname="BDC6-DX-9ZT5T72" name="testtt1.keyboard" tests="1" failures="0" timestamp="18 Jun 2019 03:31:26 GMT" time="19.451" errors="0">
  <testcase name="testKeyStrokes" time="19.451" classname="testtt1.keyboard"/>
</testsuite> <!-- testtt1.keyboard -->
