<?xml version="1.0" encoding="UTF-8"?>
<!-- Generated by org.testng.reporters.JUnitReportReporter -->
<testsuite skipped="0" hostname="BDC6-DX-9ZT5T72" name="testtt1.demo5" tests="1" failures="0" timestamp="13 Jun 2019 10:13:37 GMT" time="12.808" errors="0">
  <testcase name="testGoogleHomePage" time="12.808" classname="testtt1.demo5"/>
</testsuite> <!-- testtt1.demo5 -->
