<?xml version="1.0" encoding="UTF-8"?>
<!-- Generated by org.testng.reporters.JUnitReportReporter -->
<testsuite skipped="0" hostname="BDC6-DX-9ZT5T72" name="testtt1.demo6" tests="1" failures="0" timestamp="13 Jun 2019 11:14:15 GMT" time="17.037" errors="0">
  <testcase name="testGoogleHomePage" time="17.037" classname="testtt1.demo6"/>
</testsuite> <!-- testtt1.demo6 -->
