<?xml version="1.0" encoding="UTF-8"?>
<!-- Generated by org.testng.reporters.JUnitReportReporter -->
<testsuite skipped="0" hostname="BDC6-DX-9ZT5T72" name="testtt1.dragdrop" tests="1" failures="0" timestamp="18 Jun 2019 02:47:29 GMT" time="29.062" errors="0">
  <testcase name="testDragAndDrop" time="29.062" classname="testtt1.dragdrop"/>
</testsuite> <!-- testtt1.dragdrop -->
